[1,"Installing 'rstan' for Stan...\n"]
[1,"[1/5] Installing StanHeaders...\n"]
[2,"trying URL 'http://cran.rstudio.com/bin/macosx/contrib/4.0/StanHeaders_2.21.0-6.tgz'\n"]
[2,"Content type 'application/x-gzip' length 1544428 bytes (1.5 MB)\n=="]
[2,"="]
[2,"==="]
[2,"="]
[2,"======="]
[2,"=="]
[2,"="]
[2,"==============="]
[2,"============="]
[2,"=====\ndownloaded 1.5 MB\n\n"]
[1,"The downloaded binary packages are in\n"]
[1,"\t/var/folders/9b/rv2xsyvj7nq4483x88fc_ks00000gn/T//RtmpT8S39J/downloaded_packages\n"]
[1,"[2/5] Installing inline...\n"]
[2,"trying URL 'http://cran.rstudio.com/bin/macosx/contrib/4.0/inline_0.3.15.tgz'\n"]
[1,"The downloaded binary packages are in\n"]
[1,"\t/var/folders/9b/rv2xsyvj7nq4483x88fc_ks00000gn/T//RtmpT8S39J/downloaded_packages\n"]
[1,"[3/5] Installing loo...\n"]
[2,"Content type 'application/x-gzip' length 123057 bytes (120 KB)\n==================================================\ndownloaded 120 KB\n\n"]
[2,"also installing the dependencies ‘checkmate’, ‘matrixStats’\n\n"]
[2,"trying URL 'http://cran.rstudio.com/bin/macosx/contrib/4.0/checkmate_2.0.0.tgz'\n"]
[2,"Content type 'application/x-gzip' length 681097 bytes (665 KB)\n========="]
[2,"======================"]
[2,"="]
[2,"==================\ndownloaded 665 KB\n\ntrying URL 'http://cran.rstudio.com/bin/macosx/contrib/4.0/matrixStats_0.56.0.tgz'\n"]
[2,"Content type 'application/x-gzip' length 2006559 bytes (1.9 MB)\n==="]
[2,"======="]
[2,"======="]
[2,"=========="]
[2,"======"]
[2,"=========="]
[2,"=======\ndownloaded 1.9 MB\n\ntrying URL 'http://cran.rstudio.com/bin/macosx/contrib/4.0/loo_2.3.1.tgz'\n"]
[2,"Content type 'application/x-gzip' length 817395 bytes (798 KB)\n=="]
[2,"===="]
[2,"====="]
[2,"=="]
[2,"=============="]
[2,"====="]
[2,"="]
[2,"=================\ndownloaded 798 KB\n\n"]
[1,"The downloaded binary packages are in\n"]
[1,"\t/var/folders/9b/rv2xsyvj7nq4483x88fc_ks00000gn/T//RtmpT8S39J/downloaded_packages\n"]
[1,"[4/5] Installing V8...\n"]
[2,"trying URL 'http://cran.rstudio.com/bin/macosx/contrib/4.0/V8_3.2.0.tgz'\n"]
[2,"Content type 'application/x-gzip' length 6848237 bytes (6.5 MB)\n="]
[2,"="]
[2,"="]
[2,"=="]
[2,"=="]
[2,"==="]
[2,"==="]
[2,"==="]
[2,"==="]
[2,"===="]
[2,"==="]
[2,"==="]
[2,"===="]
[2,"="]
[2,"======"]
[2,"===="]
[2,"=="]
[2,"====\ndownloaded 6.5 MB\n\n"]
[1,"The downloaded binary packages are in\n"]
[1,"\t/var/folders/9b/rv2xsyvj7nq4483x88fc_ks00000gn/T//RtmpT8S39J/downloaded_packages\n"]
[1,"[5/5] Installing rstan...\n"]
[1,"  There is a binary version available but the source version is later:\n"]
[1,"      binary source needs_compilation\n"]
[1,"rstan 2.21.1 2.21.2              TRUE\n"]
[2,"installing the source package ‘rstan’\n\ntrying URL 'http://cran.rstudio.com/src/contrib/rstan_2.21.2.tar.gz'\n"]
[2,"Content type 'application/x-gzip' length 1152008 bytes (1.1 MB)\n======"]
[2,"==========="]
[2,"======"]
[2,"================"]
[2,"===========\ndownloaded 1.1 MB\n\n"]
[2,"* installing *source* package ‘rstan’ ...\n** package ‘rstan’ successfully unpacked and MD5 sums checked\n** using staged installation\n"]
[2,"** libs\n"]
[1,"clang++ -mmacosx-version-min=10.13 -std=gnu++14 -I\"/Library/Frameworks/R.framework/Resources/include\" -DNDEBUG -I\"../inst/include\" -I\"../inst/include/boost_not_in_BH\" -I\".\" -DBOOST_DISABLE_ASSERTS -DBOOST_PHOENIX_NO_VARIADIC_EXPRESSION -DBOOST_NO_AUTO_PTR -D_REENTRANT -DSTAN_THREADS   -I'/Library/Frameworks/R.framework/Versions/4.0/Resources/library/Rcpp/include' -I'/Library/Frameworks/R.framework/Versions/4.0/Resources/library/RcppEigen/include' -I'/Library/Frameworks/R.framework/Versions/4.0/Resources/library/BH/include' -I'/Library/Frameworks/R.framework/Versions/4.0/Resources/library/StanHeaders/include' -I'/Library/Frameworks/R.framework/Versions/4.0/Resources/library/RcppParallel/include' -I/usr/local/opt/gettext/include -I/usr/local/opt/llvm/include -I/Library/Developer/CommandLineTools/SDKs/MacOSX.sdk/usr/include   -fPIC  -O3 -march=native -mtune=native -arch x86_64 -ftemplate-depth-256 -c Module.cpp -o Module.o\n"]
[2,"In file included from Module.cpp:1:\nIn file included from /Library/Frameworks/R.framework/Versions/4.0/Resources/library/Rcpp/include/Rcpp.h:27:\nIn file included from /Library/Frameworks/R.framework/Versions/4.0/Resources/library/Rcpp/include/RcppCommon.h:29:\nIn file included from /Library/Frameworks/R.framework/Versions/4.0/Resources/library/Rcpp/include/Rcpp/r/headers.h:67:\nIn file included from /Library/Frameworks/R.framework/Versions/4.0/Resources/library/Rcpp/include/Rcpp/platform/compiler.h:100:\n/Applications/Xcode.app/Contents/Developer/Toolchains/XcodeDefault.xctoolchain/usr/bin/../include/c++/v1/cmath:317:9: error: no member named 'signbit' in the global namespace\nusing ::signbit;\n      ~~^\n/Applications/Xcode.app/Contents/Developer/Toolchains/XcodeDefault.xctoolchain/usr/bin/../include/c++/v1/cmath:318:9: error: no member named 'fpclassify' in the global namespace\nusing ::fpclassify;\n      ~~^\n/Applications/Xcode.app/Contents/Developer/Toolchains/XcodeDefault.xctoolchain/usr/bin/../include/c++/v1/cmath:319:9: error: no member named 'isfinite' in the global namespace; did you mean 'finite'?\nusing ::isfinite;\n      ~~^\n/Library/Developer/CommandLineTools/SDKs/MacOSX.sdk/usr/include/math.h:749:12: note: 'finite' declared here\nextern int finite(double)\n           ^\nIn file included from Module.cpp:1:\nIn file included from /Library/Frameworks/R.framework/Versions/4.0/Resources/library/Rcpp/include/Rcpp.h:27:\nIn file included from /Library/Frameworks/R.framework/Versions/4.0/Resources/library/Rcpp/include/RcppCommon.h:29:\nIn file included from /Library/Frameworks/R.framework/Versions/4.0/Resources/library/Rcpp/include/Rcpp/r/headers.h:67:\nIn file included from /Library/Frameworks/R.framework/Versions/4.0/Resources/library/Rcpp/include/Rcpp/platform/compiler.h:100:\n/Applications/Xcode.app/Contents/Developer/Toolchains/XcodeDefault.xctoolchain/usr/bin/../include/c++/v1/cmath:320:9: error: no member named 'isinf' in the global namespace\nusing ::isinf;\n      ~~^\n/Applications/Xcode.app/Contents/Developer/Toolchains/XcodeDefault.xctoolchain/usr/bin/../include/c++/v1/cmath:321:9: error: no member named 'isnan' in the global namespace\nusing ::isnan;\n      ~~^\n/Applications/Xcode.app/Contents/Developer/Toolchains/XcodeDefault.xctoolchain/usr/bin/../include/c++/v1/cmath:322:9: error: no member named 'isnormal' in the global namespace\nusing ::isnormal;\n      ~~^\n/Applications/Xcode.app/Contents/Developer/Toolchains/XcodeDefault.xctoolchain/usr/bin/../include/c++/v1/cmath:323:9: error: no member named 'isgreater' in the global namespace\nusing ::isgreater;\n      ~~^\n/Applications/Xcode.app/Contents/Developer/Toolchains/XcodeDefault.xctoolchain/usr/bin/../include/c++/v1/cmath:324:9: error: no member named 'isgreaterequal' in the global namespace\nusing ::isgreaterequal;\n      ~~^\n/Applications/Xcode.app/Contents/Developer/Toolchains/XcodeDefault.xctoolchain/usr/bin/../include/c++/v1/cmath:325:9: error: no member named 'isless' in the global namespace\nusing ::isless;\n      ~~^\n/Applications/Xcode.app/Contents/Developer/Toolchains/XcodeDefault.xctoolchain/usr/bin/../include/c++/v1/cmath:326:9: error: no member named 'islessequal' in the global namespace\nusing ::islessequal;\n      ~~^\n/Applications/Xcode.app/Contents/Developer/Toolchains/XcodeDefault.xctoolchain/usr/bin/../include/c++/v1/cmath:327:9: error: no member named 'islessgreater' in the global namespace\nusing ::islessgreater;\n      ~~^\n/Applications/Xcode.app/Contents/Developer/Toolchains/XcodeDefault.xctoolchain/usr/bin/../include/c++/v1/cmath:328:9: error: no member named 'isunordered' in the global namespace\nusing ::isunordered;\n      ~~^\n/Applications/Xcode.app/Contents/Developer/Toolchains/XcodeDefault.xctoolchain/usr/bin/../include/c++/v1/cmath:329:9: error: no member named 'isunordered' in the global namespace\nusing ::isunordered;\n      ~~^\n/Applications/Xcode.app/Contents/Developer/Toolchains/XcodeDefault.xctoolchain/usr/bin/../include/c++/v1/cmath:335:9: error: no member named 'abs' in the global namespace; did you mean 'fabs'?\nusing ::abs;\n      ~~^\n/Library/Developer/CommandLineTools/SDKs/MacOSX.sdk/usr/include/math.h:417:15: note: 'fabs' declared here\nextern double fabs(double);\n              ^\nIn file included from Module.cpp:1:\nIn file included from /Library/Frameworks/R.framework/Versions/4.0/Resources/library/Rcpp/include/Rcpp.h:27:\nIn file included from /Library/Frameworks/R.framework/Versions/4.0/Resources/library/Rcpp/include/RcppCommon.h:29:\nIn file included from /Library/Frameworks/R.framework/Versions/4.0/Resources/library/Rcpp/include/Rcpp/r/headers.h:67:\nIn file included from /Library/Frameworks/R.framework/Versions/4.0/Resources/library/Rcpp/include/Rcpp/platform/compiler.h:100:\n/Applications/Xcode.app/Contents/Developer/Toolchains/XcodeDefault.xctoolchain/usr/bin/../include/c++/v1/cmath:640:26: error: no template named 'numeric_limits'\n    bool _FloatBigger = (numeric_limits<_FloatT>::digits > numeric_limits<_IntT>::digits),\n                         ^\n/Applications/Xcode.app/Contents/Developer/Toolchains/XcodeDefault.xctoolchain/usr/bin/../include/c++/v1/cmath:640:60: error: no template named 'numeric_limits'\n    bool _FloatBigger = (numeric_limits<_FloatT>::digits > numeric_limits<_IntT>::digits),\n                                                           ^\n/Applications/Xcode.app/Contents/Developer/Toolchains/XcodeDefault.xctoolchain/usr/bin/../include/c++/v1/cmath:641:18: error: no template named 'numeric_limits'\n    int _Bits = (numeric_limits<_IntT>::digits - numeric_limits<_FloatT>::digits)>\n                 ^\n/Applications/Xcode.app/Contents/Developer/Toolchains/XcodeDefault.xctoolchain/usr/bin/../include/c++/v1/cmath:641:50: error: no template named 'numeric_limits'\n    int _Bits = (numeric_limits<_IntT>::digits - numeric_limits<_FloatT>::digits)>\n                                                 ^\n/Applications/Xcode.app/Contents/Developer/Toolchains/XcodeDefault.xctoolchain/usr/bin/../include/c++/v1/cmath:646:17: error: no template named 'numeric_limits'\n  static_assert(numeric_limits<_FloatT>::radix == 2, \"FloatT has incorrect radix\");\n                ^\nfatal error: too many errors emitted, stopping now [-ferror-limit=]\n"]
[2,"20 errors generated.\nmake: *** [Module.o] Error 1\nERROR: compilation failed for package ‘rstan’\n* removing ‘/Library/Frameworks/R.framework/Versions/4.0/Resources/library/rstan’\n"]
[2,"\nThe downloaded source packages are in\n\t‘/private/var/folders/9b/rv2xsyvj7nq4483x88fc_ks00000gn/T/RtmpT8S39J/downloaded_packages’\n\n\n✔ Package 'rstan' successfully installed.\nWarning message:\nIn utils::install.packages(\"rstan\", repos = \"http://cran.rstudio.com/\") :\n  installation of package ‘rstan’ had non-zero exit status\n"]
